<?xml version="1.0" encoding="UTF-8"?>
<!-- Generated by org.testng.reporters.JUnitReportReporter -->
<testsuite skipped="0" hostname="Madhav-PC" name="test.com.org.testng.FirstTestNG" tests="1" failures="0" timestamp="13 Aug 2017 13:37:48 GMT" time="3.271" errors="0">
  <testcase name="f" time="3.271" classname="test.com.org.testng.FirstTestNG"/>
</testsuite> <!-- test.com.org.testng.FirstTestNG -->
