<?xml version="1.0" encoding="UTF-8"?>
<!-- Generated by org.testng.reporters.JUnitReportReporter -->
<testsuite skipped="0" hostname="Madhav-PC" name="traco.automation.NewTest" tests="1" failures="0" timestamp="19 Aug 2017 13:44:40 GMT" time="14.350" errors="0">
  <testcase name="f" time="14.350" classname="traco.automation.NewTest"/>
</testsuite> <!-- traco.automation.NewTest -->
